Traceback (most recent call last):
  File "/Users/saraliu/Library/Caches/pypoetry/virtualenvs/titanic-SA5bcgBn-py3.9/lib/python3.9/site-packages/jupyter_cache/executors/utils.py", line 58, in single_nb_execution
    executenb(
  File "/Users/saraliu/Library/Caches/pypoetry/virtualenvs/titanic-SA5bcgBn-py3.9/lib/python3.9/site-packages/nbclient/client.py", line 1314, in execute
    return NotebookClient(nb=nb, resources=resources, km=km, **kwargs).execute()
  File "/Users/saraliu/Library/Caches/pypoetry/virtualenvs/titanic-SA5bcgBn-py3.9/lib/python3.9/site-packages/jupyter_core/utils/__init__.py", line 165, in wrapped
    return loop.run_until_complete(inner)
  File "/Users/saraliu/miniconda3/lib/python3.9/asyncio/base_events.py", line 647, in run_until_complete
    return future.result()
  File "/Users/saraliu/Library/Caches/pypoetry/virtualenvs/titanic-SA5bcgBn-py3.9/lib/python3.9/site-packages/nbclient/client.py", line 709, in async_execute
    await self.async_execute_cell(
  File "/Users/saraliu/Library/Caches/pypoetry/virtualenvs/titanic-SA5bcgBn-py3.9/lib/python3.9/site-packages/nbclient/client.py", line 1062, in async_execute_cell
    await self._check_raise_for_error(cell, cell_index, exec_reply)
  File "/Users/saraliu/Library/Caches/pypoetry/virtualenvs/titanic-SA5bcgBn-py3.9/lib/python3.9/site-packages/nbclient/client.py", line 918, in _check_raise_for_error
    raise CellExecutionError.from_cell_and_msg(cell, exec_reply_content)
nbclient.exceptions.CellExecutionError: An error occurred while executing the following cell:
------------------

# 5. Promotion Analysis
def analyze_promotions():
    """Analyze the impact of promotions"""
    # Calculate promotion effectiveness
    promo_impact = train.groupby('onpromotion')['sales'].agg(['mean', 'count', 'std'])
    
    # Time-based promotion analysis
    train['month'] = train['date'].dt.month
    promo_by_month = train.groupby('month')['onpromotion'].mean()
    
    plt.figure(figsize=(15, 5))
    promo_by_month.plot(kind='bar')
    plt.title('Promotion Frequency by Month')
    plt.show()
    
    return promo_impact

print("Analyzing promotions...")
promo_impact = analyze_promotions()
print("\nPromotion impact summary:")
print(promo_impact)

------------------

----- stdout -----
Analyzing promotions...
------------------

[0;31m---------------------------------------------------------------------------[0m
[0;31mAttributeError[0m                            Traceback (most recent call last)
Cell [0;32mIn[28], line 19[0m
[1;32m     16[0m     [38;5;28;01mreturn[39;00m promo_impact
[1;32m     18[0m [38;5;28mprint[39m([38;5;124m"[39m[38;5;124mAnalyzing promotions...[39m[38;5;124m"[39m)
[0;32m---> 19[0m promo_impact [38;5;241m=[39m [43manalyze_promotions[49m[43m([49m[43m)[49m
[1;32m     20[0m [38;5;28mprint[39m([38;5;124m"[39m[38;5;130;01m\n[39;00m[38;5;124mPromotion impact summary:[39m[38;5;124m"[39m)
[1;32m     21[0m [38;5;28mprint[39m(promo_impact)

Cell [0;32mIn[28], line 8[0m, in [0;36manalyze_promotions[0;34m()[0m
[1;32m      5[0m promo_impact [38;5;241m=[39m train[38;5;241m.[39mgroupby([38;5;124m'[39m[38;5;124monpromotion[39m[38;5;124m'[39m)[[38;5;124m'[39m[38;5;124msales[39m[38;5;124m'[39m][38;5;241m.[39magg([[38;5;124m'[39m[38;5;124mmean[39m[38;5;124m'[39m, [38;5;124m'[39m[38;5;124mcount[39m[38;5;124m'[39m, [38;5;124m'[39m[38;5;124mstd[39m[38;5;124m'[39m])
[1;32m      7[0m [38;5;66;03m# Time-based promotion analysis[39;00m
[0;32m----> 8[0m train[[38;5;124m'[39m[38;5;124mmonth[39m[38;5;124m'[39m] [38;5;241m=[39m [43mtrain[49m[43m[[49m[38;5;124;43m'[39;49m[38;5;124;43mdate[39;49m[38;5;124;43m'[39;49m[43m][49m[38;5;241;43m.[39;49m[43mdt[49m[38;5;241m.[39mmonth
[1;32m      9[0m promo_by_month [38;5;241m=[39m train[38;5;241m.[39mgroupby([38;5;124m'[39m[38;5;124mmonth[39m[38;5;124m'[39m)[[38;5;124m'[39m[38;5;124monpromotion[39m[38;5;124m'[39m][38;5;241m.[39mmean()
[1;32m     11[0m plt[38;5;241m.[39mfigure(figsize[38;5;241m=[39m([38;5;241m15[39m, [38;5;241m5[39m))

File [0;32m~/Library/Caches/pypoetry/virtualenvs/titanic-SA5bcgBn-py3.9/lib/python3.9/site-packages/pandas/core/generic.py:6299[0m, in [0;36mNDFrame.__getattr__[0;34m(self, name)[0m
[1;32m   6292[0m [38;5;28;01mif[39;00m (
[1;32m   6293[0m     name [38;5;129;01mnot[39;00m [38;5;129;01min[39;00m [38;5;28mself[39m[38;5;241m.[39m_internal_names_set
[1;32m   6294[0m     [38;5;129;01mand[39;00m name [38;5;129;01mnot[39;00m [38;5;129;01min[39;00m [38;5;28mself[39m[38;5;241m.[39m_metadata
[1;32m   6295[0m     [38;5;129;01mand[39;00m name [38;5;129;01mnot[39;00m [38;5;129;01min[39;00m [38;5;28mself[39m[38;5;241m.[39m_accessors
[1;32m   6296[0m     [38;5;129;01mand[39;00m [38;5;28mself[39m[38;5;241m.[39m_info_axis[38;5;241m.[39m_can_hold_identifiers_and_holds_name(name)
[1;32m   6297[0m ):
[1;32m   6298[0m     [38;5;28;01mreturn[39;00m [38;5;28mself[39m[name]
[0;32m-> 6299[0m [38;5;28;01mreturn[39;00m [38;5;28;43mobject[39;49m[38;5;241;43m.[39;49m[38;5;21;43m__getattribute__[39;49m[43m([49m[38;5;28;43mself[39;49m[43m,[49m[43m [49m[43mname[49m[43m)[49m

File [0;32m~/Library/Caches/pypoetry/virtualenvs/titanic-SA5bcgBn-py3.9/lib/python3.9/site-packages/pandas/core/accessor.py:224[0m, in [0;36mCachedAccessor.__get__[0;34m(self, obj, cls)[0m
[1;32m    221[0m [38;5;28;01mif[39;00m obj [38;5;129;01mis[39;00m [38;5;28;01mNone[39;00m:
[1;32m    222[0m     [38;5;66;03m# we're accessing the attribute of the class, i.e., Dataset.geo[39;00m
[1;32m    223[0m     [38;5;28;01mreturn[39;00m [38;5;28mself[39m[38;5;241m.[39m_accessor
[0;32m--> 224[0m accessor_obj [38;5;241m=[39m [38;5;28;43mself[39;49m[38;5;241;43m.[39;49m[43m_accessor[49m[43m([49m[43mobj[49m[43m)[49m
[1;32m    225[0m [38;5;66;03m# Replace the property with the accessor object. Inspired by:[39;00m
[1;32m    226[0m [38;5;66;03m# https://www.pydanny.com/cached-property.html[39;00m
[1;32m    227[0m [38;5;66;03m# We need to use object.__setattr__ because we overwrite __setattr__ on[39;00m
[1;32m    228[0m [38;5;66;03m# NDFrame[39;00m
[1;32m    229[0m [38;5;28mobject[39m[38;5;241m.[39m[38;5;21m__setattr__[39m(obj, [38;5;28mself[39m[38;5;241m.[39m_name, accessor_obj)

File [0;32m~/Library/Caches/pypoetry/virtualenvs/titanic-SA5bcgBn-py3.9/lib/python3.9/site-packages/pandas/core/indexes/accessors.py:643[0m, in [0;36mCombinedDatetimelikeProperties.__new__[0;34m(cls, data)[0m
[1;32m    640[0m [38;5;28;01melif[39;00m [38;5;28misinstance[39m(data[38;5;241m.[39mdtype, PeriodDtype):
[1;32m    641[0m     [38;5;28;01mreturn[39;00m PeriodProperties(data, orig)
[0;32m--> 643[0m [38;5;28;01mraise[39;00m [38;5;167;01mAttributeError[39;00m([38;5;124m"[39m[38;5;124mCan only use .dt accessor with datetimelike values[39m[38;5;124m"[39m)

[0;31mAttributeError[0m: Can only use .dt accessor with datetimelike values

